2025-11-06 14:36:19,233 - INFO - Loading input file: input/InputExcel.xlsx
2025-11-06 14:36:19,375 - INFO - Loaded 250 rows
2025-11-06 14:36:19,375 - INFO - Starting question separation...
2025-11-06 14:36:19,423 - INFO - Separation complete:
2025-11-06 14:36:19,423 - INFO -   TNPSC: 63 questions
2025-11-06 14:36:19,423 - INFO -   Banking: 49 questions
2025-11-06 14:36:19,423 - INFO -   SSC-Railways: 138 questions
2025-11-06 14:36:19,423 - INFO - Saving output to: output/SeparatedQuestions.xlsx
2025-11-06 14:36:19,429 - INFO -   Written tab 'TNPSC': 63 rows
2025-11-06 14:36:19,432 - INFO -   Written tab 'Banking': 49 rows
2025-11-06 14:36:19,438 - INFO -   Written tab 'SSC-Railways': 138 rows
2025-11-06 14:36:19,484 - INFO - Output saved successfully!
2025-11-06 15:37:43,958 - INFO - Loading input file: input/InputExcel.xlsx
2025-11-06 15:37:44,102 - INFO - Loaded 250 rows
2025-11-06 15:37:44,102 - INFO - Starting question separation...
2025-11-06 15:37:44,151 - INFO - Separation complete:
2025-11-06 15:37:44,152 - INFO -   TNPSC: 63 questions
2025-11-06 15:37:44,152 - INFO -   Banking: 49 questions
2025-11-06 15:37:44,152 - INFO -   SSC-Railways: 138 questions
2025-11-06 15:37:44,152 - INFO - Saving output to: output/SeparatedQuestions.xlsx
2025-11-06 15:37:44,161 - INFO -   Written tab 'TNPSC': 63 rows
2025-11-06 15:37:44,164 - INFO -   Written tab 'Banking': 49 rows
2025-11-06 15:37:44,172 - INFO -   Written tab 'SSC-Railways': 138 rows
2025-11-06 15:37:44,214 - INFO - Output saved successfully!
2025-11-07 12:07:39,023 - INFO - Loading input file: input/InputExcel.xlsx
2025-11-07 12:07:39,162 - INFO - Loaded 99 rows
2025-11-07 12:07:39,162 - INFO - Starting question separation...
2025-11-07 12:07:39,184 - INFO - Separation complete:
2025-11-07 12:07:39,184 - INFO -   TNPSC: 11 questions
2025-11-07 12:07:39,184 - INFO -   Banking: 26 questions
2025-11-07 12:07:39,185 - INFO -   SSC-Railways: 62 questions
2025-11-07 12:07:39,185 - INFO - Saving output to: output/SeparatedQuestions.xlsx
2025-11-07 12:07:39,190 - INFO -   Written tab 'TNPSC': 11 rows
2025-11-07 12:07:39,192 - INFO -   Written tab 'Banking': 26 rows
2025-11-07 12:07:39,195 - INFO -   Written tab 'SSC-Railways': 62 rows
2025-11-07 12:07:39,237 - INFO - Output saved successfully!
2025-11-10 12:58:19,179 - INFO - Loading input file: input/InputExcel.xlsx
2025-11-10 12:58:19,387 - ERROR - Missing required columns: ['Subtopic']
2025-11-10 12:58:19,387 - ERROR - Found columns: ['S No', 'Unit', 'Chapter', 'Topic', 'Questions', 'OptionA', 'OptionB', 'OptionC', 'OptionD', 'OptionE', 'Explanation', 'Answer']
2025-11-10 12:59:30,653 - INFO - Loading input file: input/InputExcel.xlsx
2025-11-10 12:59:30,784 - ERROR - Missing required columns: ['Chapter']
2025-11-10 12:59:30,784 - ERROR - Found columns: ['S No', 'Subject', 'Topic', 'Subtopic', 'Questions', 'OptionA', 'OptionB', 'OptionC', 'OptionD', 'OptionE', 'Explanation', 'Answer']
2025-11-10 13:00:38,854 - INFO - Loading input file: input/InputExcel.xlsx
2025-11-10 13:00:38,986 - INFO - Loaded 163 rows
2025-11-10 13:00:38,986 - INFO - Starting question separation...
2025-11-10 13:00:39,074 - INFO - Separation complete:
2025-11-10 13:00:39,074 - INFO -   TNPSC: 29 questions
2025-11-10 13:00:39,074 - INFO -   Banking: 64 questions
2025-11-10 13:00:39,075 - INFO -   SSC-Railways: 70 questions
2025-11-10 13:00:39,075 - INFO - Saving output to: output/SeparatedQuestions.xlsx
2025-11-10 13:00:39,080 - INFO -   Written tab 'TNPSC': 29 rows
2025-11-10 13:00:39,083 - INFO -   Written tab 'Banking': 64 rows
2025-11-10 13:00:39,087 - INFO -   Written tab 'SSC-Railways': 70 rows
2025-11-10 13:00:39,131 - INFO - Output saved successfully!
2025-11-12 17:43:46,544 - INFO - Loading input file: input/InputExcel.xlsx
2025-11-12 17:43:46,775 - ERROR - Missing required columns: ['S No', 'Subtopic']
2025-11-12 17:43:46,775 - ERROR - Found columns: ['Unit', 'Chapter', 'Topic', 'Questions', 'OptionA', 'OptionB', 'OptionC', 'OptionD', 'OptionE', 'OptionF', 'Explanation', 'Answer']
2025-11-12 17:44:35,582 - INFO - Loading input file: input/InputExcel.xlsx
2025-11-12 17:44:35,727 - ERROR - Missing required columns: ['Chapter']
2025-11-12 17:44:35,727 - ERROR - Found columns: ['S No', 'Subject', 'Topic', 'Subtopic', 'Questions', 'OptionA', 'OptionB', 'OptionC', 'OptionD', 'OptionE', 'OptionF', 'Explanation', 'Answer']
2025-11-12 17:47:47,961 - INFO - Loading input file: input/InputExcel.xlsx
2025-11-12 17:47:48,094 - INFO - Loaded 145 rows
2025-11-12 17:47:48,094 - INFO - Starting question separation...
2025-11-12 17:47:48,176 - INFO - Separation complete:
2025-11-12 17:47:48,176 - INFO -   TNPSC: 37 questions
2025-11-12 17:47:48,176 - INFO -   Banking: 46 questions
2025-11-12 17:47:48,176 - INFO -   SSC-Railways: 62 questions
2025-11-12 17:47:48,177 - INFO - Saving output to: output/SeparatedQuestions.xlsx
2025-11-12 17:47:48,182 - INFO -   Written tab 'TNPSC': 37 rows
2025-11-12 17:47:48,185 - INFO -   Written tab 'Banking': 46 rows
2025-11-12 17:47:48,188 - INFO -   Written tab 'SSC-Railways': 62 rows
2025-11-12 17:47:48,235 - INFO - Output saved successfully!
2025-11-17 17:22:03,196 - INFO - Loading input file: input/InputExcel.xlsx
2025-11-17 17:22:03,488 - ERROR - Missing required columns: ['S No']
2025-11-17 17:22:03,488 - ERROR - Found columns: ['Chapter', 'Topic', 'Subtopic', 'Questions', 'OptionA', 'OptionB', 'OptionC', 'OptionD', 'OptionE', 'Explanation', 'Answer']
2025-11-17 17:22:43,175 - INFO - Loading input file: input/InputExcel.xlsx
2025-11-17 17:22:43,364 - INFO - Loaded 889 rows
2025-11-17 17:22:43,364 - INFO - Starting question separation...
2025-11-17 17:22:43,979 - INFO - Separation complete:
2025-11-17 17:22:43,979 - INFO -   TNPSC: 294 questions
2025-11-17 17:22:43,979 - INFO -   Banking: 390 questions
2025-11-17 17:22:43,979 - INFO -   SSC-Railways: 205 questions
2025-11-17 17:22:43,979 - INFO - Saving output to: output/SeparatedQuestions.xlsx
2025-11-17 17:22:43,994 - INFO -   Written tab 'TNPSC': 294 rows
2025-11-17 17:22:44,021 - INFO -   Written tab 'Banking': 390 rows
2025-11-17 17:22:44,031 - INFO -   Written tab 'SSC-Railways': 205 rows
2025-11-17 17:22:44,158 - INFO - Output saved successfully!
2025-11-26 15:16:45,504 - ERROR - Input file not found: input/InputExcel.xlsx
2025-11-26 15:18:05,567 - INFO - Loading input file: input\questions_1_1000.xlsx
2025-11-26 15:18:05,765 - INFO - Loaded 1000 rows
2025-11-26 15:18:05,765 - INFO - Starting question separation...
2025-11-26 15:18:05,966 - INFO - Separation complete:
2025-11-26 15:18:05,966 - INFO -   TNPSC: 130 questions
2025-11-26 15:18:05,966 - INFO -   Banking: 298 questions
2025-11-26 15:18:05,966 - INFO -   SSC-Railways: 572 questions
2025-11-26 15:18:05,966 - INFO - Saving output to: output/SeparatedQuestions.xlsx
2025-11-26 15:18:05,991 - INFO -   Written tab 'TNPSC': 130 rows
2025-11-26 15:18:06,005 - INFO -   Written tab 'Banking': 298 rows
2025-11-26 15:18:06,027 - INFO -   Written tab 'SSC-Railways': 572 rows
2025-11-26 15:18:06,103 - INFO - Output saved successfully!
